<?xml version="1.0" encoding="UTF-8"?>
<!-- Generated by org.testng.reporters.JUnitReportReporter -->
<testsuite hostname="DESKTOP-CMMN98B" failures="0" tests="1" name="com.comcast.crm.baseutility1.Baseclass" time="0.027" errors="0" timestamp="2024-05-22T22:47:51 IST" skipped="0">
  <testcase classname="com.comcast.crm.baseutility1.Baseclass" name="Test" time="0.027"/>
</testsuite> <!-- com.comcast.crm.baseutility1.Baseclass -->
