<?xml version="1.0" encoding="UTF-8"?>
<!-- Generated by org.testng.reporters.JUnitReportReporter -->
<testsuite hostname="DESKTOP-CMMN98B" failures="0" tests="1" name="Generic.Check" time="2.932" errors="0" timestamp="2024-04-30T14:38:24 IST" skipped="0">
  <testcase classname="Generic.Check" name="test" time="2.932"/>
</testsuite> <!-- Generic.Check -->
