<?xml version="1.0" encoding="UTF-8"?>
<!-- Generated by org.testng.reporters.JUnitReportReporter -->
<testsuite hostname="DESKTOP-CMMN98B" failures="0" tests="2" name="com.comcast.createcontactmaintest.CreateContactMainTest" time="41.020" errors="0" timestamp="2024-05-23T10:07:36 IST" skipped="1">
  <testcase classname="com.comcast.createcontactmaintest.CreateContactMainTest" name="CreateContactWithSupportDateTest" time="41.020"/>
  <testcase classname="com.comcast.createcontactmaintest.CreateContactMainTest" name="createContactTest">
    <skipped/>
  </testcase> <!-- createContactTest -->
</testsuite> <!-- com.comcast.createcontactmaintest.CreateContactMainTest -->
