<?xml version="1.0" encoding="UTF-8"?>
<!-- Generated by org.testng.reporters.JUnitReportReporter -->
<testsuite hostname="DESKTOP-CMMN98B" failures="0" tests="1" name="Generic.BaseClass" time="10.307" errors="0" timestamp="2024-04-25T12:23:55 IST" skipped="0">
  <testcase classname="Generic.BaseClass" name="LaunchBrowser" time="10.307"/>
</testsuite> <!-- Generic.BaseClass -->
