<?xml version="1.0" encoding="UTF-8"?>
<!-- Generated by org.testng.reporters.JUnitReportReporter -->
<testsuite hostname="DESKTOP-CMMN98B" failures="0" tests="1" name="Chcek.A1" time="25.679" errors="0" timestamp="2024-05-05T19:49:24 IST" skipped="0">
  <testcase classname="Chcek.A1" name="test01" time="25.679"/>
</testsuite> <!-- Chcek.A1 -->
